c:\users\bacr\desktop\quake-2-master\ref_gl\debug\vc120.pdb
c:\users\bacr\desktop\quake-2-master\ref_gl\debug\vc120.idb
c:\users\bacr\desktop\quake-2-master\ref_gl\debug\q_shared.obj
c:\users\bacr\desktop\quake-2-master\ref_gl\debug\glw_imp.obj
c:\users\bacr\desktop\quake-2-master\ref_gl\debug\qgl_win.obj
c:\users\bacr\desktop\quake-2-master\ref_gl\debug\q_shwin.obj
c:\users\bacr\desktop\quake-2-master\ref_gl\debug\gl_draw.obj
c:\users\bacr\desktop\quake-2-master\ref_gl\debug\gl_image.obj
c:\users\bacr\desktop\quake-2-master\ref_gl\debug\gl_light.obj
c:\users\bacr\desktop\quake-2-master\ref_gl\debug\gl_mesh.obj
c:\users\bacr\desktop\quake-2-master\ref_gl\debug\gl_model.obj
c:\users\bacr\desktop\quake-2-master\ref_gl\debug\gl_rmain.obj
c:\users\bacr\desktop\quake-2-master\ref_gl\debug\gl_rmisc.obj
c:\users\bacr\desktop\quake-2-master\ref_gl\debug\gl_rsurf.obj
c:\users\bacr\desktop\quake-2-master\ref_gl\debug\gl_warp.obj
c:\users\bacr\desktop\quake-2-master\quake2\ref_gl.ilk
c:\users\bacr\desktop\quake-2-master\quake2\ref_gl.dll
c:\users\bacr\desktop\quake-2-master\quake2\ref_gl.pdb
c:\users\bacr\desktop\quake-2-master\quake2\ref_gl.lib
c:\users\bacr\desktop\quake-2-master\quake2\ref_gl.exp
c:\users\bacr\desktop\quake-2-master\ref_gl\debug\ref_gl.tlog\cl.command.1.tlog
c:\users\bacr\desktop\quake-2-master\ref_gl\debug\ref_gl.tlog\cl.read.1.tlog
c:\users\bacr\desktop\quake-2-master\ref_gl\debug\ref_gl.tlog\cl.write.1.tlog
c:\users\bacr\desktop\quake-2-master\ref_gl\debug\ref_gl.tlog\link.command.1.tlog
c:\users\bacr\desktop\quake-2-master\ref_gl\debug\ref_gl.tlog\link.read.1.tlog
c:\users\bacr\desktop\quake-2-master\ref_gl\debug\ref_gl.tlog\link.write.1.tlog
c:\users\bacr\desktop\quake-2-master\ref_gl\debug\ref_gl.tlog\ref_gl.write.1u.tlog
